<?xml version="1.0" encoding="UTF-8" ?>
<testsuite tests="3" failures="0" name="HibernateDao.HibernateOrderDAOTest" time="2.994" errors="1" skipped="0">
  <properties>
[...]
</properties>
  <testcase classname="HibernateDao.HibernateOrderDAOTest" name="create" time="2.931">
    <error message="Error while committing the transaction" type="javax.persistence.RollbackException">javax.persistence.RollbackException: Error while committing the transaction
	at org.hibernate.internal.ExceptionConverterImpl.convertCommitException(ExceptionConverterImpl.java:77)
	at org.hibernate.engine.transaction.internal.TransactionImpl.commit(TransactionImpl.java:71)
	at HibernateDao.GenericDAO.create(GenericDAO.java:28)
	at HibernateDao.HibernateOrderDAOTest.create(HibernateOrderDAOTest.java:44)
	at sun.reflect.NativeMethodAccessorImpl.invoke0(Native Method)
	at sun.reflect.NativeMethodAccessorImpl.invoke(NativeMethodAccessorImpl.java:62)
	at sun.reflect.DelegatingMethodAccessorImpl.invoke(DelegatingMethodAccessorImpl.java:43)
	at java.lang.reflect.Method.invoke(Method.java:498)
	at org.junit.runners.model.FrameworkMethod$1.runReflectiveCall(FrameworkMethod.java:50)
	at org.junit.internal.runners.model.ReflectiveCallable.run(ReflectiveCallable.java:12)
	at org.junit.runners.model.FrameworkMethod.invokeExplosively(FrameworkMethod.java:47)
	at org.junit.internal.runners.statements.InvokeMethod.evaluate(InvokeMethod.java:17)
	at org.junit.runners.ParentRunner.runLeaf(ParentRunner.java:325)
	at org.junit.runners.BlockJUnit4ClassRunner.runChild(BlockJUnit4ClassRunner.java:78)
	at org.junit.runners.BlockJUnit4ClassRunner.runChild(BlockJUnit4ClassRunner.java:57)
	at org.junit.runners.ParentRunner$3.run(ParentRunner.java:290)
	at org.junit.runners.ParentRunner$1.schedule(ParentRunner.java:71)
	at org.junit.runners.ParentRunner.runChildren(ParentRunner.java:288)
	at org.junit.runners.ParentRunner.access$000(ParentRunner.java:58)
	at org.junit.runners.ParentRunner$2.evaluate(ParentRunner.java:268)
	at org.junit.runners.ParentRunner.run(ParentRunner.java:363)
	at org.apache.maven.surefire.junit4.JUnit4TestSet.execute(JUnit4TestSet.java:53)
	at org.apache.maven.surefire.junit4.JUnit4Provider.executeTestSet(JUnit4Provider.java:123)
	at org.apache.maven.surefire.junit4.JUnit4Provider.invoke(JUnit4Provider.java:104)
	at sun.reflect.NativeMethodAccessorImpl.invoke0(Native Method)
	at sun.reflect.NativeMethodAccessorImpl.invoke(NativeMethodAccessorImpl.java:62)
	at sun.reflect.DelegatingMethodAccessorImpl.invoke(DelegatingMethodAccessorImpl.java:43)
	at java.lang.reflect.Method.invoke(Method.java:498)
	at org.apache.maven.surefire.util.ReflectionUtils.invokeMethodWithArray(ReflectionUtils.java:164)
	at org.apache.maven.surefire.booter.ProviderFactory$ProviderProxy.invoke(ProviderFactory.java:110)
	at org.apache.maven.surefire.booter.SurefireStarter.invokeProvider(SurefireStarter.java:175)
	at org.apache.maven.surefire.booter.SurefireStarter.runSuitesInProcessWhenForked(SurefireStarter.java:107)
	at org.apache.maven.surefire.booter.ForkedBooter.main(ForkedBooter.java:68)
Caused by: java.lang.IllegalStateException: org.hibernate.TransientPropertyValueException: object references an unsaved transient instance - save the transient instance before flushing : POJO.OrderPOJO.client -&gt; POJO.ClientPOJO
	at org.hibernate.internal.ExceptionConverterImpl.convert(ExceptionConverterImpl.java:146)
	at org.hibernate.internal.ExceptionConverterImpl.convert(ExceptionConverterImpl.java:157)
	at org.hibernate.internal.ExceptionConverterImpl.convert(ExceptionConverterImpl.java:164)
	at org.hibernate.internal.SessionImpl.doFlush(SessionImpl.java:1443)
	at org.hibernate.internal.SessionImpl.managedFlush(SessionImpl.java:493)
	at org.hibernate.internal.SessionImpl.flushBeforeTransactionCompletion(SessionImpl.java:3207)
	at org.hibernate.internal.SessionImpl.beforeTransactionCompletion(SessionImpl.java:2413)
	at org.hibernate.engine.jdbc.internal.JdbcCoordinatorImpl.beforeTransactionCompletion(JdbcCoordinatorImpl.java:467)
	at org.hibernate.resource.transaction.backend.jdbc.internal.JdbcResourceLocalTransactionCoordinatorImpl.beforeCompletionCallback(JdbcResourceLocalTransactionCoordinatorImpl.java:156)
	at org.hibernate.resource.transaction.backend.jdbc.internal.JdbcResourceLocalTransactionCoordinatorImpl.access$100(JdbcResourceLocalTransactionCoordinatorImpl.java:38)
	at org.hibernate.resource.transaction.backend.jdbc.internal.JdbcResourceLocalTransactionCoordinatorImpl$TransactionDriverControlImpl.commit(JdbcResourceLocalTransactionCoordinatorImpl.java:231)
	at org.hibernate.engine.transaction.internal.TransactionImpl.commit(TransactionImpl.java:68)
	... 31 more
Caused by: org.hibernate.TransientPropertyValueException: object references an unsaved transient instance - save the transient instance before flushing : POJO.OrderPOJO.client -&gt; POJO.ClientPOJO
	at org.hibernate.engine.spi.CascadingActions$8.noCascade(CascadingActions.java:380)
	at org.hibernate.engine.internal.Cascade.cascade(Cascade.java:142)
	at org.hibernate.event.internal.AbstractFlushingEventListener.cascadeOnFlush(AbstractFlushingEventListener.java:150)
	at org.hibernate.event.internal.AbstractFlushingEventListener.prepareEntityFlushes(AbstractFlushingEventListener.java:141)
	at org.hibernate.event.internal.AbstractFlushingEventListener.flushEverythingToExecutions(AbstractFlushingEventListener.java:74)
	at org.hibernate.event.internal.DefaultFlushEventListener.onFlush(DefaultFlushEventListener.java:38)
	at org.hibernate.internal.SessionImpl.doFlush(SessionImpl.java:1437)
	... 39 more
</error>
    <system-out>Hibernate: alter table Account drop constraint FK4f950gj6dcm338h193ne9dbs6
Hibernate: alter table Address drop constraint FKqv2s8chaygg4spe5h3kxfp0rh
Hibernate: alter table Address drop constraint FKjgkrnk7lee669dxx50coxx1vq
Hibernate: alter table OrderDetail drop constraint FK4h446mbabaj9imk04inkb8937
Hibernate: alter table OrderDetail drop constraint FKilfup3e37w9b2p5ktvjdtnbvu
Hibernate: alter table Orders drop constraint FKggleb7aobypdj2qn1f6x8y1s8
Hibernate: drop table if exists Account cascade
Hibernate: drop table if exists Address cascade
Hibernate: drop table if exists AddressType cascade
Hibernate: drop table if exists Cheese cascade
Hibernate: drop table if exists Client cascade
Hibernate: drop table if exists OrderDetail cascade
Hibernate: drop table if exists Orders cascade
Hibernate: create table Account (accountID  serial not null, accountName varchar(255), accountStatus int4 not null, password varchar(255), ClientID int4, primary key (accountID))
Hibernate: create table Address (addressID  serial not null, city varchar(255), houseNumberAddition varchar(255), housenumber int4 not null, postalCode varchar(255), streetname varchar(255), AddressTypeID int4, ClientID int4, primary key (addressID))
Hibernate: create table AddressType (addressTypeID  serial not null, addressType varchar(255), primary key (addressTypeID))
Hibernate: create table Cheese (cheeseID  serial not null, cheeseName varchar(255), price numeric(19, 2), stock int4 not null, primary key (cheeseID))
Hibernate: create table Client (clientID  serial not null, eMail varchar(255), firstName varchar(255), lastName varchar(255), primary key (clientID))
Hibernate: create table OrderDetail (orderDetailID  serial not null, quantity int4 not null, CheeseID int4, OrderID int4, primary key (orderDetailID))
Hibernate: create table Orders (orderID  serial not null, orderDate timestamp, processedDate timestamp, totalPrice numeric(19, 2), ClientID int4, primary key (orderID))
Hibernate: alter table Account add constraint FK4f950gj6dcm338h193ne9dbs6 foreign key (ClientID) references Client
Hibernate: alter table Address add constraint FKqv2s8chaygg4spe5h3kxfp0rh foreign key (AddressTypeID) references AddressType
Hibernate: alter table Address add constraint FKjgkrnk7lee669dxx50coxx1vq foreign key (ClientID) references Client
Hibernate: alter table OrderDetail add constraint FK4h446mbabaj9imk04inkb8937 foreign key (CheeseID) references Cheese
Hibernate: alter table OrderDetail add constraint FKilfup3e37w9b2p5ktvjdtnbvu foreign key (OrderID) references Orders
Hibernate: alter table Orders add constraint FKggleb7aobypdj2qn1f6x8y1s8 foreign key (ClientID) references Client
Hibernate: alter table Account drop constraint FK4f950gj6dcm338h193ne9dbs6
Hibernate: alter table Address drop constraint FKqv2s8chaygg4spe5h3kxfp0rh
Hibernate: alter table Address drop constraint FKjgkrnk7lee669dxx50coxx1vq
Hibernate: alter table OrderDetail drop constraint FK4h446mbabaj9imk04inkb8937
Hibernate: alter table OrderDetail drop constraint FKilfup3e37w9b2p5ktvjdtnbvu
Hibernate: alter table Orders drop constraint FKggleb7aobypdj2qn1f6x8y1s8
Hibernate: drop table if exists Account cascade
Hibernate: drop table if exists Address cascade
Hibernate: drop table if exists AddressType cascade
Hibernate: drop table if exists Cheese cascade
Hibernate: drop table if exists Client cascade
Hibernate: drop table if exists OrderDetail cascade
Hibernate: drop table if exists Orders cascade
Hibernate: create table Account (accountID  serial not null, accountName varchar(255), accountStatus int4 not null, password varchar(255), ClientID int4, primary key (accountID))
Hibernate: create table Address (addressID  serial not null, city varchar(255), houseNumberAddition varchar(255), housenumber int4 not null, postalCode varchar(255), streetname varchar(255), AddressTypeID int4, ClientID int4, primary key (addressID))
Hibernate: create table AddressType (addressTypeID  serial not null, addressType varchar(255), primary key (addressTypeID))
Hibernate: create table Cheese (cheeseID  serial not null, cheeseName varchar(255), price numeric(19, 2), stock int4 not null, primary key (cheeseID))
Hibernate: create table Client (clientID  serial not null, eMail varchar(255), firstName varchar(255), lastName varchar(255), primary key (clientID))
Hibernate: create table OrderDetail (orderDetailID  serial not null, quantity int4 not null, CheeseID int4, OrderID int4, primary key (orderDetailID))
Hibernate: create table Orders (orderID  serial not null, orderDate timestamp, processedDate timestamp, totalPrice numeric(19, 2), ClientID int4, primary key (orderID))
Hibernate: alter table Account add constraint FK4f950gj6dcm338h193ne9dbs6 foreign key (ClientID) references Client
Hibernate: alter table Address add constraint FKqv2s8chaygg4spe5h3kxfp0rh foreign key (AddressTypeID) references AddressType
Hibernate: alter table Address add constraint FKjgkrnk7lee669dxx50coxx1vq foreign key (ClientID) references Client
Hibernate: alter table OrderDetail add constraint FK4h446mbabaj9imk04inkb8937 foreign key (CheeseID) references Cheese
Hibernate: alter table OrderDetail add constraint FKilfup3e37w9b2p5ktvjdtnbvu foreign key (OrderID) references Orders
Hibernate: alter table Orders add constraint FKggleb7aobypdj2qn1f6x8y1s8 foreign key (ClientID) references Client
Hibernate: insert into Orders (ClientID, orderDate, processedDate, totalPrice) values (?, ?, ?, ?)
</system-out>
    <system-err>Oct 16, 2017 3:23:41 PM org.hibernate.jpa.internal.util.LogHelper logPersistenceUnitInformation
INFO: HHH000204: Processing PersistenceUnitInfo [
	name: Hibernate
	...]
Oct 16, 2017 3:23:41 PM org.hibernate.Version logVersion
INFO: HHH000412: Hibernate Core {5.2.11.Final}
Oct 16, 2017 3:23:41 PM org.hibernate.cfg.Environment &lt;clinit&gt;
INFO: HHH000206: hibernate.properties not found
Oct 16, 2017 3:23:41 PM org.hibernate.annotations.common.reflection.java.JavaReflectionManager &lt;clinit&gt;
INFO: HCANN000001: Hibernate Commons Annotations {5.0.1.Final}
Oct 16, 2017 3:23:42 PM org.hibernate.engine.jdbc.connections.internal.DriverManagerConnectionProviderImpl configure
WARN: HHH10001002: Using Hibernate built-in connection pool (not for production use!)
Oct 16, 2017 3:23:42 PM org.hibernate.engine.jdbc.connections.internal.DriverManagerConnectionProviderImpl buildCreator
INFO: HHH10001005: using driver [org.postgresql.Driver] at URL [jdbc:postgresql://localhost:5432/KaasApplicatie? zeroDateTimeBehavior=convertToNull]
Oct 16, 2017 3:23:42 PM org.hibernate.engine.jdbc.connections.internal.DriverManagerConnectionProviderImpl buildCreator
INFO: HHH10001001: Connection properties: {user=postgres, password=****}
Oct 16, 2017 3:23:42 PM org.hibernate.engine.jdbc.connections.internal.DriverManagerConnectionProviderImpl buildCreator
INFO: HHH10001003: Autocommit mode: false
Oct 16, 2017 3:23:42 PM org.hibernate.engine.jdbc.connections.internal.PooledConnections &lt;init&gt;
INFO: HHH000115: Hibernate connection pool size: 20 (min=1)
Oct 16, 2017 3:23:42 PM org.hibernate.dialect.Dialect &lt;init&gt;
INFO: HHH000400: Using dialect: org.hibernate.dialect.PostgreSQLDialect
Oct 16, 2017 3:23:42 PM org.hibernate.engine.jdbc.env.internal.LobCreatorBuilderImpl useContextualLobCreation
INFO: HHH000424: Disabling contextual LOB creation as createClob() method threw error : java.lang.reflect.InvocationTargetException
Oct 16, 2017 3:23:42 PM org.hibernate.type.BasicTypeRegistry register
INFO: HHH000270: Type registration [java.util.UUID] overrides previous : org.hibernate.type.UUIDBinaryType@6af9fcb2
Oct 16, 2017 3:23:43 PM org.hibernate.resource.transaction.backend.jdbc.internal.DdlTransactionIsolatorNonJtaImpl getIsolatedConnection
INFO: HHH10001501: Connection obtained from JdbcConnectionAccess [org.hibernate.engine.jdbc.env.internal.JdbcEnvironmentInitiator$ConnectionProviderJdbcConnectionAccess@6f95cd51] for (non-JTA) DDL execution was not in auto-commit mode; the Connection &apos;local transaction&apos; will be committed and the Connection will be set into auto-commit mode.
Oct 16, 2017 3:23:43 PM org.hibernate.resource.transaction.backend.jdbc.internal.DdlTransactionIsolatorNonJtaImpl getIsolatedConnection
INFO: HHH10001501: Connection obtained from JdbcConnectionAccess [org.hibernate.engine.jdbc.env.internal.JdbcEnvironmentInitiator$ConnectionProviderJdbcConnectionAccess@2fa3be26] for (non-JTA) DDL execution was not in auto-commit mode; the Connection &apos;local transaction&apos; will be committed and the Connection will be set into auto-commit mode.
Oct 16, 2017 3:23:43 PM org.hibernate.tool.schema.internal.SchemaCreatorImpl applyImportSources
INFO: HHH000476: Executing import script &apos;org.hibernate.tool.schema.internal.exec.ScriptSourceInputNonExistentImpl@4e6d7365&apos;
Oct 16, 2017 3:23:43 PM org.hibernate.jpa.internal.util.LogHelper logPersistenceUnitInformation
INFO: HHH000204: Processing PersistenceUnitInfo [
	name: Hibernate
	...]
Oct 16, 2017 3:23:43 PM org.hibernate.engine.jdbc.connections.internal.DriverManagerConnectionProviderImpl configure
WARN: HHH10001002: Using Hibernate built-in connection pool (not for production use!)
Oct 16, 2017 3:23:43 PM org.hibernate.engine.jdbc.connections.internal.DriverManagerConnectionProviderImpl buildCreator
INFO: HHH10001005: using driver [org.postgresql.Driver] at URL [jdbc:postgresql://localhost:5432/KaasApplicatie? zeroDateTimeBehavior=convertToNull]
Oct 16, 2017 3:23:43 PM org.hibernate.engine.jdbc.connections.internal.DriverManagerConnectionProviderImpl buildCreator
INFO: HHH10001001: Connection properties: {user=postgres, password=****}
Oct 16, 2017 3:23:43 PM org.hibernate.engine.jdbc.connections.internal.DriverManagerConnectionProviderImpl buildCreator
INFO: HHH10001003: Autocommit mode: false
Oct 16, 2017 3:23:43 PM org.hibernate.engine.jdbc.connections.internal.PooledConnections &lt;init&gt;
INFO: HHH000115: Hibernate connection pool size: 20 (min=1)
Oct 16, 2017 3:23:43 PM org.hibernate.dialect.Dialect &lt;init&gt;
INFO: HHH000400: Using dialect: org.hibernate.dialect.PostgreSQLDialect
Oct 16, 2017 3:23:44 PM org.hibernate.engine.jdbc.env.internal.LobCreatorBuilderImpl useContextualLobCreation
INFO: HHH000424: Disabling contextual LOB creation as createClob() method threw error : java.lang.reflect.InvocationTargetException
Oct 16, 2017 3:23:44 PM org.hibernate.type.BasicTypeRegistry register
INFO: HHH000270: Type registration [java.util.UUID] overrides previous : org.hibernate.type.UUIDBinaryType@6af9fcb2
Oct 16, 2017 3:23:44 PM org.hibernate.resource.transaction.backend.jdbc.internal.DdlTransactionIsolatorNonJtaImpl getIsolatedConnection
INFO: HHH10001501: Connection obtained from JdbcConnectionAccess [org.hibernate.engine.jdbc.env.internal.JdbcEnvironmentInitiator$ConnectionProviderJdbcConnectionAccess@7351a16e] for (non-JTA) DDL execution was not in auto-commit mode; the Connection &apos;local transaction&apos; will be committed and the Connection will be set into auto-commit mode.
Oct 16, 2017 3:23:44 PM org.hibernate.resource.transaction.backend.jdbc.internal.DdlTransactionIsolatorNonJtaImpl getIsolatedConnection
INFO: HHH10001501: Connection obtained from JdbcConnectionAccess [org.hibernate.engine.jdbc.env.internal.JdbcEnvironmentInitiator$ConnectionProviderJdbcConnectionAccess@5bb7643d] for (non-JTA) DDL execution was not in auto-commit mode; the Connection &apos;local transaction&apos; will be committed and the Connection will be set into auto-commit mode.
Oct 16, 2017 3:23:44 PM org.hibernate.tool.schema.internal.SchemaCreatorImpl applyImportSources
INFO: HHH000476: Executing import script &apos;org.hibernate.tool.schema.internal.exec.ScriptSourceInputNonExistentImpl@4e6d7365&apos;
Oct 16, 2017 3:23:44 PM org.hibernate.internal.ExceptionMapperStandardImpl mapManagedFlushFailure
ERROR: HHH000346: Error during managed flush [org.hibernate.TransientPropertyValueException: object references an unsaved transient instance - save the transient instance before flushing : POJO.OrderPOJO.client -&gt; POJO.ClientPOJO]
</system-err>
  </testcase>
  <testcase classname="HibernateDao.HibernateOrderDAOTest" name="testGetAll" time="0"/>
  <testcase classname="HibernateDao.HibernateOrderDAOTest" name="testGetOrderWithClient" time="0"/>
</testsuite>